# JRE version: Java(TM) SE Runtime Environment (8.0_60-b27) (build 1.8.0_60-b27)
# Java VM: Java HotSpot(TM) 64-Bit Server VM (25.60-b23 mixed mode bsd-amd64 compressed oops)
Heap:
 PSYoungGen      total 306176K, used 156206K [0x00000007aab00000, 0x00000007c0000000, 0x00000007c0000000)
  eden space 263168K, 52% used [0x00000007aab00000,0x00000007b32df420,0x00000007bac00000)
  from space 43008K, 39% used [0x00000007bac00000,0x00000007bbcac438,0x00000007bd600000)
  to   space 42496K, 0% used [0x00000007bd680000,0x00000007bd680000,0x00000007c0000000)
 ParOldGen       total 174592K, used 116723K [0x0000000780000000, 0x000000078aa80000, 0x00000007aab00000)
  object space 174592K, 66% used [0x0000000780000000,0x00000007871fcdb0,0x000000078aa80000)
 Metaspace       used 17152K, capacity 17378K, committed 17792K, reserved 1064960K
  class space    used 1992K, capacity 2070K, committed 2176K, reserved 1048576K
GC Heap History (10 events):
Event: 6.326 GC heap before
{Heap before GC invocations=14 (full 1):
 PSYoungGen      total 317952K, used 317779K [0x00000007aab00000, 0x00000007bfe80000, 0x00000007c0000000)
  eden space 299008K, 100% used [0x00000007aab00000,0x00000007bcf00000,0x00000007bcf00000)
  from space 18944K, 99% used [0x00000007bec00000,0x00000007bfe54c88,0x00000007bfe80000)
  to   space 23040K, 0% used [0x00000007bd180000,0x00000007bd180000,0x00000007be800000)
 ParOldGen       total 74240K, used 51784K [0x0000000780000000, 0x0000000784880000, 0x00000007aab00000)
  object space 74240K, 69% used [0x0000000780000000,0x0000000783292318,0x0000000784880000)
 Metaspace       used 6293K, capacity 6428K, committed 6656K, reserved 1056768K
  class space    used 626K, capacity 666K, committed 768K, reserved 1048576K
Event: 6.374 GC heap after
Heap after GC invocations=14 (full 1):
 PSYoungGen      total 324608K, used 23011K [0x00000007aab00000, 0x00000007c0000000, 0x00000007c0000000)
  eden space 301568K, 0% used [0x00000007aab00000,0x00000007aab00000,0x00000007bd180000)
  from space 23040K, 99% used [0x00000007bd180000,0x00000007be7f8c50,0x00000007be800000)
  to   space 24576K, 0% used [0x00000007be800000,0x00000007be800000,0x00000007c0000000)
 ParOldGen       total 74240K, used 70890K [0x0000000780000000, 0x0000000784880000, 0x00000007aab00000)
  object space 74240K, 95% used [0x0000000780000000,0x000000078453a958,0x0000000784880000)
 Metaspace       used 6293K, capacity 6428K, committed 6656K, reserved 1056768K
  class space    used 626K, capacity 666K, committed 768K, reserved 1048576K
}
Event: 6.374 GC heap before
{Heap before GC invocations=15 (full 2):
 PSYoungGen      total 324608K, used 23011K [0x00000007aab00000, 0x00000007c0000000, 0x00000007c0000000)
  eden space 301568K, 0% used [0x00000007aab00000,0x00000007aab00000,0x00000007bd180000)
  from space 23040K, 99% used [0x00000007bd180000,0x00000007be7f8c50,0x00000007be800000)
  to   space 24576K, 0% used [0x00000007be800000,0x00000007be800000,0x00000007c0000000)
 ParOldGen       total 74240K, used 70890K [0x0000000780000000, 0x0000000784880000, 0x00000007aab00000)
  object space 74240K, 95% used [0x0000000780000000,0x000000078453a958,0x0000000784880000)
 Metaspace       used 6293K, capacity 6428K, committed 6656K, reserved 1056768K
  class space    used 626K, capacity 666K, committed 768K, reserved 1048576K
Event: 6.430 GC heap after
Heap after GC invocations=15 (full 2):
 PSYoungGen      total 324608K, used 16995K [0x00000007aab00000, 0x00000007c0000000, 0x00000007c0000000)
  eden space 301568K, 0% used [0x00000007aab00000,0x00000007aab00000,0x00000007bd180000)
  from space 23040K, 73% used [0x00000007bd180000,0x00000007be218d80,0x00000007be800000)
  to   space 24576K, 0% used [0x00000007be800000,0x00000007be800000,0x00000007c0000000)
 ParOldGen       total 116736K, used 73859K [0x0000000780000000, 0x0000000787200000, 0x00000007aab00000)
  object space 116736K, 63% used [0x0000000780000000,0x0000000784820dc8,0x0000000787200000)
 Metaspace       used 6293K, capacity 6428K, committed 6656K, reserved 1056768K
  class space    used 626K, capacity 666K, committed 768K, reserved 1048576K
}
Event: 7.854 GC heap before
{Heap before GC invocations=16 (full 2):
 PSYoungGen      total 324608K, used 318563K [0x00000007aab00000, 0x00000007c0000000, 0x00000007c0000000)
  eden space 301568K, 100% used [0x00000007aab00000,0x00000007bd180000,0x00000007bd180000)
  from space 23040K, 73% used [0x00000007bd180000,0x00000007be218d80,0x00000007be800000)
  to   space 24576K, 0% used [0x00000007be800000,0x00000007be800000,0x00000007c0000000)
 ParOldGen       total 116736K, used 73859K [0x0000000780000000, 0x0000000787200000, 0x00000007aab00000)
  object space 116736K, 63% used [0x0000000780000000,0x0000000784820dc8,0x0000000787200000)
 Metaspace       used 6294K, capacity 6428K, committed 6656K, reserved 1056768K
  class space    used 626K, capacity 666K, committed 768K, reserved 1048576K
Event: 7.885 GC heap after
Heap after GC invocations=16 (full 2):
 PSYoungGen      total 287744K, used 24570K [0x00000007aab00000, 0x00000007c0000000, 0x00000007c0000000)
  eden space 263168K, 0% used [0x00000007aab00000,0x00000007aab00000,0x00000007bac00000)
  from space 24576K, 99% used [0x00000007be800000,0x00000007bfffe938,0x00000007c0000000)
  to   space 43008K, 0% used [0x00000007bac00000,0x00000007bac00000,0x00000007bd600000)
 ParOldGen       total 116736K, used 93186K [0x0000000780000000, 0x0000000787200000, 0x00000007aab00000)
  object space 116736K, 79% used [0x0000000780000000,0x0000000785b009f8,0x0000000787200000)
 Metaspace       used 6294K, capacity 6428K, committed 6656K, reserved 1056768K
  class space    used 626K, capacity 666K, committed 768K, reserved 1048576K
}
Event: 8.879 GC heap before
{Heap before GC invocations=17 (full 2):
 PSYoungGen      total 287744K, used 287738K [0x00000007aab00000, 0x00000007c0000000, 0x00000007c0000000)
  eden space 263168K, 100% used [0x00000007aab00000,0x00000007bac00000,0x00000007bac00000)
  from space 24576K, 99% used [0x00000007be800000,0x00000007bfffe938,0x00000007c0000000)
  to   space 43008K, 0% used [0x00000007bac00000,0x00000007bac00000,0x00000007bd600000)
 ParOldGen       total 116736K, used 93186K [0x0000000780000000, 0x0000000787200000, 0x00000007aab00000)
  object space 116736K, 79% used [0x0000000780000000,0x0000000785b009f8,0x0000000787200000)
 Metaspace       used 6297K, capacity 6428K, committed 6656K, reserved 1056768K
  class space    used 627K, capacity 666K, committed 768K, reserved 1048576K
Event: 8.906 GC heap after
Heap after GC invocations=17 (full 2):
 PSYoungGen      total 306176K, used 22764K [0x00000007aab00000, 0x00000007c0000000, 0x00000007c0000000)
  eden space 263168K, 0% used [0x00000007aab00000,0x00000007aab00000,0x00000007bac00000)
  from space 43008K, 52% used [0x00000007bac00000,0x00000007bc23b008,0x00000007bd600000)
  to   space 42496K, 0% used [0x00000007bd680000,0x00000007bd680000,0x00000007c0000000)
 ParOldGen       total 116736K, used 114926K [0x0000000780000000, 0x0000000787200000, 0x00000007aab00000)
  object space 116736K, 98% used [0x0000000780000000,0x000000078703b8e0,0x0000000787200000)
 Metaspace       used 6297K, capacity 6428K, committed 6656K, reserved 1056768K
  class space    used 627K, capacity 666K, committed 768K, reserved 1048576K
}
Event: 8.906 GC heap before
{Heap before GC invocations=18 (full 3):
 PSYoungGen      total 306176K, used 22764K [0x00000007aab00000, 0x00000007c0000000, 0x00000007c0000000)
  eden space 263168K, 0% used [0x00000007aab00000,0x00000007aab00000,0x00000007bac00000)
  from space 43008K, 52% used [0x00000007bac00000,0x00000007bc23b008,0x00000007bd600000)
  to   space 42496K, 0% used [0x00000007bd680000,0x00000007bd680000,0x00000007c0000000)
 ParOldGen       total 116736K, used 114926K [0x0000000780000000, 0x0000000787200000, 0x00000007aab00000)
  object space 116736K, 98% used [0x0000000780000000,0x000000078703b8e0,0x0000000787200000)
 Metaspace       used 6297K, capacity 6428K, committed 6656K, reserved 1056768K
  class space    used 627K, capacity 666K, committed 768K, reserved 1048576K
Event: 8.962 GC heap after
Heap after GC invocations=18 (full 3):
 PSYoungGen      total 306176K, used 17073K [0x00000007aab00000, 0x00000007c0000000, 0x00000007c0000000)
  eden space 263168K, 0% used [0x00000007aab00000,0x00000007aab00000,0x00000007bac00000)
  from space 43008K, 39% used [0x00000007bac00000,0x00000007bbcac438,0x00000007bd600000)
  to   space 42496K, 0% used [0x00000007bd680000,0x00000007bd680000,0x00000007c0000000)
 ParOldGen       total 174592K, used 116723K [0x0000000780000000, 0x000000078aa80000, 0x00000007aab00000)
  object space 174592K, 66% used [0x0000000780000000,0x00000007871fcdb0,0x000000078aa80000)
 Metaspace       used 6297K, capacity 6428K, committed 6656K, reserved 1056768K
  class space    used 627K, capacity 666K, committed 768K, reserved 1048576K
}

